<?xml version='1.0' encoding='UTF-8' ?>
<testsuite name="com.example.selfgoals.ui.dashboard.DashboardUITest" tests="2" failures="0" errors="0" skipped="0" time="2.6" timestamp="2026-05-02T02:30:20" hostname="localhost">
  <properties>
    <property name="device" value="SelfGoalsTest(AVD) - 14" />
    <property name="flavor" value="" />
    <property name="project" value=":app" />
  </properties>
  <testcase name="clicking_new_goal_opens_dialog" classname="com.example.selfgoals.ui.dashboard.DashboardUITest" time="1.08" />
  <testcase name="dashboard_header_is_displayed" classname="com.example.selfgoals.ui.dashboard.DashboardUITest" time="1.139" />
</testsuite>